Arguments: 
  /home/naoyuki0920/.nvm/versions/node/v18.7.0/bin/node /mnt/c/Users/naoyu/AppData/Roaming/npm/node_modules/yarn/bin/yarn.js add @mui/material @emotion/react @emotion/styled

PATH: 
  /home/naoyuki0920/.pyenv/plugins/pyenv-virtualenv/shims:/home/naoyuki0920/.pyenv/shims:/home/naoyuki0920/.pyenv/bin:/home/naoyuki0920/.goenv/bin:/home/naoyuki0920/.vscode-server/bin/784b0177c56c607789f9638da7b6bf3230d47a8c/bin/remote-cli:/home/naoyuki0920/.local/bin:/home/naoyuki0920/.pyenv/plugins/pyenv-virtualenv/shims:/home/naoyuki0920/.pyenv/bin:/home/naoyuki0920/.goenv/shims:/home/naoyuki0920/.goenv/bin:/home/naoyuki0920/.nvm/versions/node/v18.7.0/bin:/usr/local/sbin:/usr/local/bin:/usr/sbin:/usr/bin:/sbin:/bin:/usr/games:/usr/local/games:/usr/lib/wsl/lib:/mnt/c/Program Files/Common Files/Oracle/Java/javapath:/mnt/c/Windows/system32:/mnt/c/Windows:/mnt/c/Windows/System32/Wbem:/mnt/c/Windows/System32/WindowsPowerShell/v1.0/:/mnt/c/Windows/System32/OpenSSH/:/mnt/c/Program Files (x86)/NVIDIA Corporation/PhysX/Common:/mnt/c/Program Files/NVIDIA Corporation/NVIDIA NvDLISR:/mnt/c/Program Files/Git/cmd:/mnt/c/WINDOWS/system32:/mnt/c/WINDOWS:/mnt/c/WINDOWS/System32/Wbem:/mnt/c/WINDOWS/System32/WindowsPowerShell/v1.0/:/mnt/c/WINDOWS/System32/OpenSSH/:/mnt/c/Program Files/Android/Android Studio/jre/bin:/mnt/c/Program Files/nodejs/:/mnt/c/Program Files (x86)/GnuWin32/bin:/mnt/c/Program Files/Docker/Docker/resources/bin:/mnt/c/ProgramData/DockerDesktop/version-bin:/mnt/c/Program Files/Go/bin:/mnt/c/Program Files/PowerShell/7/:/mnt/c/Users/naoyu/scoop/apps/gcc/current/bin:/mnt/c/Users/naoyu/scoop/shims:/mnt/c/Ruby30-x64/bin:/mnt/c/Users/naoyu/AppData/Local/Microsoft/WindowsApps:/mnt/c/Users/naoyu/AppData/Local/Programs/Microsoft VS Code/bin:/mnt/c/Users/naoyu/flutter/bin:/mnt/c/Users/naoyu/AppData/Roaming/npm:/mnt/c/Users/naoyu/AppData/Local/Programs/oh-my-posh/bin:/mnt/c/Users/naoyu/go/bin:/mnt/c/Users/naoyu/AppData/Local/Packages/PythonSoftwareFoundation.Python.3.10_qbz5n2kfra8p0/LocalCache/local-packages/Python310/Scripts:/snap/bin:/home/naoyuki0920/go/bin:/home/naoyuki0920/go/bin

Yarn version: 
  1.22.17

Node version: 
  18.7.0

Platform: 
  linux x64

Trace: 
  Error: https://registry.yarnpkg.com/@mui%2fmaterial: ETIMEDOUT
      at Timeout._onTimeout (/mnt/c/Users/naoyu/AppData/Roaming/npm/node_modules/yarn/lib/cli.js:141543:19)
      at listOnTimeout (node:internal/timers:564:17)
      at process.processTimers (node:internal/timers:507:7)

npm manifest: 
  No manifest

yarn manifest: 
  No manifest

Lockfile: 
  No lockfile
